<?xml version="1.0" encoding="UTF-8"?>
<!-- Generated by org.testng.reporters.JUnitReportReporter -->
<testsuite hostname="DESKTOP-U13R8FS" failures="0" tests="1" name="example.extentReport.GoogleSearch" time="21.746" errors="0" timestamp="08 Aug 2020 13:23:22 GMT" skipped="0">
  <testcase classname="example.extentReport.GoogleSearch" name="GoogleSearch" time="21.746"/>
</testsuite> <!-- example.extentReport.GoogleSearch -->
