<?xml version="1.0" encoding="UTF-8"?>
<!-- Generated by org.testng.reporters.JUnitReportReporter -->
<testsuite hostname="DESKTOP-U13R8FS" failures="0" tests="1" name="example.ScreenShorts.FlipcartLogin" time="11.395" errors="0" timestamp="23 Jul 2020 12:37:40 GMT" skipped="0">
  <testcase classname="example.ScreenShorts.FlipcartLogin" name="login" time="11.395"/>
</testsuite> <!-- example.ScreenShorts.FlipcartLogin -->
