<?xml version="1.0" encoding="UTF-8"?>
<!-- Generated by org.testng.reporters.JUnitReportReporter -->
<testsuite hostname="DESKTOP-U13R8FS" failures="0" tests="1" name="example.extentReport.VerifyTitle" time="111.253" errors="0" timestamp="23 Jul 2020 15:03:45 GMT" skipped="0">
  <testcase classname="example.extentReport.VerifyTitle" name="testTitle" time="111.253"/>
</testsuite> <!-- example.extentReport.VerifyTitle -->
