<?xml version="1.0" encoding="UTF-8"?>
<!-- Generated by org.testng.reporters.JUnitReportReporter -->
<testsuite hostname="DESKTOP-U13R8FS" failures="0" tests="1" name="example.HandleAlerts.CancelAlertHandle" time="36.075" errors="0" timestamp="25 Jul 2020 05:29:13 GMT" skipped="0">
  <testcase classname="example.HandleAlerts.CancelAlertHandle" name="dismissAlert" time="36.075"/>
</testsuite> <!-- example.HandleAlerts.CancelAlertHandle -->
