<?xml version="1.0" encoding="UTF-8"?>
<!-- Generated by org.testng.reporters.JUnitReportReporter -->
<testsuite hostname="DESKTOP-U13R8FS" failures="0" tests="1" name="example.HandleAlerts.AlertHandle" time="23.477" errors="0" timestamp="25 Jul 2020 05:18:31 GMT" skipped="0">
  <testcase classname="example.HandleAlerts.AlertHandle" name="ksrtcAlert" time="23.477"/>
</testsuite> <!-- example.HandleAlerts.AlertHandle -->
