<?xml version="1.0" encoding="UTF-8"?>
<!-- Generated by org.testng.reporters.JUnitReportReporter -->
<testsuite hostname="DESKTOP-U13R8FS" failures="0" tests="1" name="example.HandleAlerts.SendTextToAlert" time="22.351" errors="0" timestamp="25 Jul 2020 05:47:58 GMT" skipped="0">
  <testcase classname="example.HandleAlerts.SendTextToAlert" name="sendText" time="22.351"/>
</testsuite> <!-- example.HandleAlerts.SendTextToAlert -->
