<?xml version="1.0" encoding="UTF-8"?>
<!-- Generated by org.testng.reporters.JUnitReportReporter -->
<testsuite hostname="DESKTOP-U13R8FS" failures="0" tests="1" name="example.HandelFrames.SwitchToFrames" time="24.768" errors="0" timestamp="26 Jul 2020 04:55:07 GMT" skipped="0">
  <testcase classname="example.HandelFrames.SwitchToFrames" name="switchFrame" time="24.768"/>
</testsuite> <!-- example.HandelFrames.SwitchToFrames -->
