<?xml version="1.0" encoding="UTF-8"?>
<!-- Generated by org.testng.reporters.JUnitReportReporter -->
<testsuite hostname="DESKTOP-U13R8FS" failures="0" tests="1" name="example.HandleAlerts.AlertText" time="20.082" errors="0" timestamp="25 Jul 2020 05:37:36 GMT" skipped="0">
  <testcase classname="example.HandleAlerts.AlertText" name="getAlertText" time="20.082"/>
</testsuite> <!-- example.HandleAlerts.AlertText -->
